# JRE version: Java(TM) SE Runtime Environment (21.0.4+8) (build 21.0.4+8-LTS-274)
# Java VM: Java HotSpot(TM) 64-Bit Server VM (21.0.4+8-LTS-274, mixed mode, sharing, tiered, compressed oops, compressed class ptrs, g1 gc, windows-amd64)
GC Precious Log:
 CardTable entry size: 512
 Card Set container configuration: InlinePtr #cards 5 size 8 Array Of Cards #cards 12 size 40 Howl #buckets 4 coarsen threshold 1843 Howl Bitmap #cards 512 size 80 coarsen threshold 460 Card regions per heap region 1 cards per card region 2048
 CPUs: 8 total, 8 available
 Memory: 6005M
 Large Page Support: Disabled
 NUMA Support: Disabled
 Compressed Oops: Enabled (32-bit)
 Heap Region Size: 1M
 Heap Min Capacity: 8M
 Heap Initial Capacity: 94M
 Heap Max Capacity: 1502M
 Pre-touch: Disabled
 Parallel Workers: 8
 Concurrent Workers: 2
 Concurrent Refinement Workers: 8
 Periodic GC: Disabled
Heap:
 garbage-first heap   total 265216K, used 148480K [0x00000000a2200000, 0x0000000100000000)
  region size 1024K, 4 young (4096K), 4 survivors (4096K)
 Metaspace       used 70694K, committed 71424K, reserved 1114112K
  class space    used 10069K, committed 10432K, reserved 1048576K
GC Heap History (20 events):
Event: 19.450 GC heap after
{Heap after GC invocations=21 (full 0):
 garbage-first heap   total 66560K, used 47881K [0x00000000a2200000, 0x0000000100000000)
  region size 1024K, 2 young (2048K), 2 survivors (2048K)
 Metaspace       used 68989K, committed 69696K, reserved 1114112K
  class space    used 9691K, committed 10048K, reserved 1048576K
}
Event: 19.529 GC heap before
{Heap before GC invocations=22 (full 0):
 garbage-first heap   total 91136K, used 57097K [0x00000000a2200000, 0x0000000100000000)
  region size 1024K, 11 young (11264K), 2 survivors (2048K)
 Metaspace       used 68987K, committed 69696K, reserved 1114112K
  class space    used 9691K, committed 10048K, reserved 1048576K
}
Event: 19.532 GC heap after
{Heap after GC invocations=23 (full 0):
 garbage-first heap   total 91136K, used 50248K [0x00000000a2200000, 0x0000000100000000)
  region size 1024K, 2 young (2048K), 2 survivors (2048K)
 Metaspace       used 68987K, committed 69696K, reserved 1114112K
  class space    used 9691K, committed 10048K, reserved 1048576K
}
Event: 19.668 GC heap before
{Heap before GC invocations=23 (full 0):
 garbage-first heap   total 91136K, used 73800K [0x00000000a2200000, 0x0000000100000000)
  region size 1024K, 24 young (24576K), 2 survivors (2048K)
 Metaspace       used 68987K, committed 69696K, reserved 1114112K
  class space    used 9691K, committed 10048K, reserved 1048576K
}
Event: 19.676 GC heap after
{Heap after GC invocations=24 (full 0):
 garbage-first heap   total 91136K, used 59125K [0x00000000a2200000, 0x0000000100000000)
  region size 1024K, 3 young (3072K), 3 survivors (3072K)
 Metaspace       used 68987K, committed 69696K, reserved 1114112K
  class space    used 9691K, committed 10048K, reserved 1048576K
}
Event: 19.776 GC heap before
{Heap before GC invocations=24 (full 0):
 garbage-first heap   total 91136K, used 75509K [0x00000000a2200000, 0x0000000100000000)
  region size 1024K, 19 young (19456K), 3 survivors (3072K)
 Metaspace       used 68987K, committed 69696K, reserved 1114112K
  class space    used 9691K, committed 10048K, reserved 1048576K
}
Event: 19.782 GC heap after
{Heap after GC invocations=25 (full 0):
 garbage-first heap   total 182272K, used 65536K [0x00000000a2200000, 0x0000000100000000)
  region size 1024K, 3 young (3072K), 3 survivors (3072K)
 Metaspace       used 68987K, committed 69696K, reserved 1114112K
  class space    used 9691K, committed 10048K, reserved 1048576K
}
Event: 20.302 GC heap before
{Heap before GC invocations=26 (full 0):
 garbage-first heap   total 182272K, used 129024K [0x00000000a2200000, 0x0000000100000000)
  region size 1024K, 66 young (67584K), 3 survivors (3072K)
 Metaspace       used 70673K, committed 71424K, reserved 1114112K
  class space    used 10069K, committed 10432K, reserved 1048576K
}
Event: 20.309 GC heap after
{Heap after GC invocations=27 (full 0):
 garbage-first heap   total 182272K, used 70656K [0x00000000a2200000, 0x0000000100000000)
  region size 1024K, 8 young (8192K), 8 survivors (8192K)
 Metaspace       used 70673K, committed 71424K, reserved 1114112K
  class space    used 10069K, committed 10432K, reserved 1048576K
}
Event: 20.555 GC heap before
{Heap before GC invocations=27 (full 0):
 garbage-first heap   total 182272K, used 137216K [0x00000000a2200000, 0x0000000100000000)
  region size 1024K, 73 young (74752K), 8 survivors (8192K)
 Metaspace       used 70687K, committed 71424K, reserved 1114112K
  class space    used 10069K, committed 10432K, reserved 1048576K
}
Event: 20.565 GC heap after
{Heap after GC invocations=28 (full 0):
 garbage-first heap   total 182272K, used 76385K [0x00000000a2200000, 0x0000000100000000)
  region size 1024K, 10 young (10240K), 10 survivors (10240K)
 Metaspace       used 70687K, committed 71424K, reserved 1114112K
  class space    used 10069K, committed 10432K, reserved 1048576K
}
Event: 20.629 GC heap before
{Heap before GC invocations=28 (full 0):
 garbage-first heap   total 182272K, used 103009K [0x00000000a2200000, 0x0000000100000000)
  region size 1024K, 37 young (37888K), 10 survivors (10240K)
 Metaspace       used 70687K, committed 71424K, reserved 1114112K
  class space    used 10069K, committed 10432K, reserved 1048576K
}
Event: 20.640 GC heap after
{Heap after GC invocations=29 (full 0):
 garbage-first heap   total 182272K, used 87729K [0x00000000a2200000, 0x0000000100000000)
  region size 1024K, 11 young (11264K), 11 survivors (11264K)
 Metaspace       used 70687K, committed 71424K, reserved 1114112K
  class space    used 10069K, committed 10432K, reserved 1048576K
}
Event: 20.862 GC heap before
{Heap before GC invocations=30 (full 0):
 garbage-first heap   total 182272K, used 146097K [0x00000000a2200000, 0x0000000100000000)
  region size 1024K, 66 young (67584K), 11 survivors (11264K)
 Metaspace       used 70694K, committed 71424K, reserved 1114112K
  class space    used 10069K, committed 10432K, reserved 1048576K
}
Event: 20.882 GC heap after
{Heap after GC invocations=31 (full 0):
 garbage-first heap   total 182272K, used 108544K [0x00000000a2200000, 0x0000000100000000)
  region size 1024K, 9 young (9216K), 9 survivors (9216K)
 Metaspace       used 70694K, committed 71424K, reserved 1114112K
  class space    used 10069K, committed 10432K, reserved 1048576K
}
Event: 20.965 GC heap before
{Heap before GC invocations=31 (full 0):
 garbage-first heap   total 182272K, used 149504K [0x00000000a2200000, 0x0000000100000000)
  region size 1024K, 49 young (50176K), 9 survivors (9216K)
 Metaspace       used 70694K, committed 71424K, reserved 1114112K
  class space    used 10069K, committed 10432K, reserved 1048576K
}
Event: 20.982 GC heap after
{Heap after GC invocations=32 (full 0):
 garbage-first heap   total 182272K, used 125342K [0x00000000a2200000, 0x0000000100000000)
  region size 1024K, 7 young (7168K), 7 survivors (7168K)
 Metaspace       used 70694K, committed 71424K, reserved 1114112K
  class space    used 10069K, committed 10432K, reserved 1048576K
}
Event: 21.043 GC heap before
{Heap before GC invocations=32 (full 0):
 garbage-first heap   total 182272K, used 155038K [0x00000000a2200000, 0x0000000100000000)
  region size 1024K, 36 young (36864K), 7 survivors (7168K)
 Metaspace       used 70694K, committed 71424K, reserved 1114112K
  class space    used 10069K, committed 10432K, reserved 1048576K
}
Event: 21.056 GC heap after
{Heap after GC invocations=33 (full 0):
 garbage-first heap   total 182272K, used 138240K [0x00000000a2200000, 0x0000000100000000)
  region size 1024K, 5 young (5120K), 5 survivors (5120K)
 Metaspace       used 70694K, committed 71424K, reserved 1114112K
  class space    used 10069K, committed 10432K, reserved 1048576K
}
Event: 21.176 GC heap before
{Heap before GC invocations=33 (full 0):
 garbage-first heap   total 265216K, used 162816K [0x00000000a2200000, 0x0000000100000000)
  region size 1024K, 27 young (27648K), 5 survivors (5120K)
 Metaspace       used 70694K, committed 71424K, reserved 1114112K
  class space    used 10069K, committed 10432K, reserved 1048576K
}

